<?xml version="1.0" encoding="UTF-8"?>
<testsuites name="Scenario A" time="43" tests="0" failures="1" errors="0">
   <testsuite name="Scenario A" tests="0" failures="1" errors="0" time="43" timestamp="2018-12-15 00:08:38" hostname="Rachmat irsandy - DESKTOP-B9FSH4V" id="Test Suites/Scenario A">
      <properties>
         <property name="deviceName" value=""/>
         <property name="devicePlatform" value=""/>
         <property name="logFolder" value="C:\\Users\\Rachmat irsandy\\Katalon Studio\\Kumparan_QA_Assessment\\Reports\\Scenario A\\20181215_000834"/>
         <property name="logFiles" value="C:\\Users\\Rachmat irsandy\\Katalon Studio\\Kumparan_QA_Assessment\\Reports\\Scenario A\\20181215_000834\\execution0.log"/>
         <property name="attachments" value="C:\\Users\\Rachmat irsandy\\Katalon Studio\\Kumparan_QA_Assessment\\Reports\\Scenario A\\20181215_000834\\1544807359302.png"/>
         <property name="hostName" value="Rachmat irsandy - DESKTOP-B9FSH4V"/>
         <property name="os" value="Windows 10 64bit"/>
         <property name="katalonVersion" value="5.9.1.2"/>
         <property name="browser" value="Chrome 70.0.3538.110"/>
         <property name="hostAddress" value="192.168.1.153"/>
         <property name="sessionId" value="bae32c38637b8a559693b45d628dfd03"/>
         <property name="seleniumVersion" value="3.7.1"/>
         <property name="proxyInformation" value="ProxyInformation{proxyOption=NO_PROXY, proxyServerType=HTTP, password=, proxyServerAddress=, proxyServerPort=0}"/>
         <property name="platform" value="Windows 10"/>
      </properties>
      <testcase name="Test Cases/Automation Script" classname="Test Cases/Automation Script" status="FAILED">
         <failure type="FAILED" message="Test Cases/Automation Script FAILED.
Reason:
com.kms.katalon.core.exception.StepFailedException: Unable to click on object 'Object Repository/Page_Platform Media Berita Kolabora/img' (Root cause: org.openqa.selenium.WebDriverException: unknown error: Element is not clickable at point (1077, 24)
  (Session info: chrome=70.0.3538.110)
  (Driver info: chromedriver=2.43.600210 (68dcf5eebde37173d4027fa8635e332711d2874a),platform=Windows NT 10.0.17134 x86_64) (WARNING: The server did not provide any stacktrace information)
Command duration or timeout: 0 milliseconds
Build info: version: '3.7.1', revision: '8a0099a', time: '2017-11-06T21:07:36.161Z'
System info: host: 'DESKTOP-B9FSH4V', ip: '192.168.1.153', os.name: 'Windows 10', os.arch: 'amd64', os.version: '10.0', java.version: '1.8.0_181'
Driver info: com.kms.katalon.selenium.driver.CChromeDriver
Capabilities {acceptInsecureCerts: false, acceptSslCerts: false, applicationCacheEnabled: false, browserConnectionEnabled: false, browserName: chrome, chrome: {chromedriverVersion: 2.43.600210 (68dcf5eebde371..., userDataDir: C:\Users\RACHMA~1\AppData\L...}, cssSelectorsEnabled: true, databaseEnabled: false, goog:chromeOptions: {debuggerAddress: localhost:54301}, handlesAlerts: true, hasTouchScreen: false, javascriptEnabled: true, locationContextEnabled: true, mobileEmulationEnabled: false, nativeEvents: true, networkConnectionEnabled: false, pageLoadStrategy: normal, platform: XP, platformName: XP, rotatable: false, setWindowRect: true, takesHeapSnapshot: true, takesScreenshot: true, unexpectedAlertBehaviour: , unhandledPromptBehavior: , version: 70.0.3538.110, webStorageEnabled: true}
Session ID: bae32c38637b8a559693b45d628dfd03)
	at com.kms.katalon.core.keyword.internal.KeywordMain.stepFailed(KeywordMain.groovy:36)
	at com.kms.katalon.core.webui.keyword.internal.WebUIKeywordMain.stepFailed(WebUIKeywordMain.groovy:65)
	at com.kms.katalon.core.webui.keyword.internal.WebUIKeywordMain.runKeyword(WebUIKeywordMain.groovy:27)
	at com.kms.katalon.core.webui.keyword.builtin.ClickKeyword.click(ClickKeyword.groovy:86)
	at com.kms.katalon.core.webui.keyword.builtin.ClickKeyword.execute(ClickKeyword.groovy:67)
	at com.kms.katalon.core.keyword.internal.KeywordExecutor.executeKeywordForPlatform(KeywordExecutor.groovy:53)
	at com.kms.katalon.core.webui.keyword.WebUiBuiltInKeywords.click(WebUiBuiltInKeywords.groovy:616)
	at com.kms.katalon.core.webui.keyword.WebUiBuiltInKeywords$click$1.call(Unknown Source)
	at Automation Script.run(Automation Script:63)
	at com.kms.katalon.core.main.ScriptEngine.run(ScriptEngine.java:194)
	at com.kms.katalon.core.main.ScriptEngine.runScriptAsRawText(ScriptEngine.java:119)
	at com.kms.katalon.core.main.TestCaseExecutor.runScript(TestCaseExecutor.java:321)
	at com.kms.katalon.core.main.TestCaseExecutor.doExecute(TestCaseExecutor.java:312)
	at com.kms.katalon.core.main.TestCaseExecutor.processExecutionPhase(TestCaseExecutor.java:291)
	at com.kms.katalon.core.main.TestCaseExecutor.accessMainPhase(TestCaseExecutor.java:283)
	at com.kms.katalon.core.main.TestCaseExecutor.execute(TestCaseExecutor.java:222)
	at com.kms.katalon.core.main.TestSuiteExecutor.accessTestCaseMainPhase(TestSuiteExecutor.java:129)
	at com.kms.katalon.core.main.TestSuiteExecutor.accessTestSuiteMainPhase(TestSuiteExecutor.java:112)
	at com.kms.katalon.core.main.TestSuiteExecutor.execute(TestSuiteExecutor.java:81)
	at com.kms.katalon.core.main.TestCaseMain.startTestSuite(TestCaseMain.java:149)
	at com.kms.katalon.core.main.TestCaseMain$startTestSuite$0.call(Unknown Source)
	at TempTestSuite1544807314452.run(TempTestSuite1544807314452.groovy:36)
"/>
         <system-out><![CDATA[2018-12-15 00:08:39 - [TEST_CASE][FAILED] - Test Cases/Automation Script: Test Cases/Automation Script FAILED.
Reason:
com.kms.katalon.core.exception.StepFailedException: Unable to click on object 'Object Repository/Page_Platform Media Berita Kolabora/img' (Root cause: org.openqa.selenium.WebDriverException: unknown error: Element is not clickable at point (1077, 24)
  (Session info: chrome=70.0.3538.110)
  (Driver info: chromedriver=2.43.600210 (68dcf5eebde37173d4027fa8635e332711d2874a),platform=Windows NT 10.0.17134 x86_64) (WARNING: The server did not provide any stacktrace information)
Command duration or timeout: 0 milliseconds
Build info: version: '3.7.1', revision: '8a0099a', time: '2017-11-06T21:07:36.161Z'
System info: host: 'DESKTOP-B9FSH4V', ip: '192.168.1.153', os.name: 'Windows 10', os.arch: 'amd64', os.version: '10.0', java.version: '1.8.0_181'
Driver info: com.kms.katalon.selenium.driver.CChromeDriver
Capabilities {acceptInsecureCerts: false, acceptSslCerts: false, applicationCacheEnabled: false, browserConnectionEnabled: false, browserName: chrome, chrome: {chromedriverVersion: 2.43.600210 (68dcf5eebde371..., userDataDir: C:\Users\RACHMA~1\AppData\L...}, cssSelectorsEnabled: true, databaseEnabled: false, goog:chromeOptions: {debuggerAddress: localhost:54301}, handlesAlerts: true, hasTouchScreen: false, javascriptEnabled: true, locationContextEnabled: true, mobileEmulationEnabled: false, nativeEvents: true, networkConnectionEnabled: false, pageLoadStrategy: normal, platform: XP, platformName: XP, rotatable: false, setWindowRect: true, takesHeapSnapshot: true, takesScreenshot: true, unexpectedAlertBehaviour: , unhandledPromptBehavior: , version: 70.0.3538.110, webStorageEnabled: true}
Session ID: bae32c38637b8a559693b45d628dfd03)
	at com.kms.katalon.core.keyword.internal.KeywordMain.stepFailed(KeywordMain.groovy:36)
	at com.kms.katalon.core.webui.keyword.internal.WebUIKeywordMain.stepFailed(WebUIKeywordMain.groovy:65)
	at com.kms.katalon.core.webui.keyword.internal.WebUIKeywordMain.runKeyword(WebUIKeywordMain.groovy:27)
	at com.kms.katalon.core.webui.keyword.builtin.ClickKeyword.click(ClickKeyword.groovy:86)
	at com.kms.katalon.core.webui.keyword.builtin.ClickKeyword.execute(ClickKeyword.groovy:67)
	at com.kms.katalon.core.keyword.internal.KeywordExecutor.executeKeywordForPlatform(KeywordExecutor.groovy:53)
	at com.kms.katalon.core.webui.keyword.WebUiBuiltInKeywords.click(WebUiBuiltInKeywords.groovy:616)
	at com.kms.katalon.core.webui.keyword.WebUiBuiltInKeywords$click$1.call(Unknown Source)
	at Automation Script.run(Automation Script:63)
	at com.kms.katalon.core.main.ScriptEngine.run(ScriptEngine.java:194)
	at com.kms.katalon.core.main.ScriptEngine.runScriptAsRawText(ScriptEngine.java:119)
	at com.kms.katalon.core.main.TestCaseExecutor.runScript(TestCaseExecutor.java:321)
	at com.kms.katalon.core.main.TestCaseExecutor.doExecute(TestCaseExecutor.java:312)
	at com.kms.katalon.core.main.TestCaseExecutor.processExecutionPhase(TestCaseExecutor.java:291)
	at com.kms.katalon.core.main.TestCaseExecutor.accessMainPhase(TestCaseExecutor.java:283)
	at com.kms.katalon.core.main.TestCaseExecutor.execute(TestCaseExecutor.java:222)
	at com.kms.katalon.core.main.TestSuiteExecutor.accessTestCaseMainPhase(TestSuiteExecutor.java:129)
	at com.kms.katalon.core.main.TestSuiteExecutor.accessTestSuiteMainPhase(TestSuiteExecutor.java:112)
	at com.kms.katalon.core.main.TestSuiteExecutor.execute(TestSuiteExecutor.java:81)
	at com.kms.katalon.core.main.TestCaseMain.startTestSuite(TestCaseMain.java:149)
	at com.kms.katalon.core.main.TestCaseMain$startTestSuite$0.call(Unknown Source)
	at TempTestSuite1544807314452.run(TempTestSuite1544807314452.groovy:36)


2018-12-15 00:08:40 - [TEST_STEP][PASSED] - openBrowser(""): Browser is opened with url: ''

2018-12-15 00:08:40 - [MESSAGE][INFO] - Starting 'Chrome' driver

2018-12-15 00:08:40 - [MESSAGE][INFO] - Action delay is set to 0 seconds

2018-12-15 00:08:45 - [MESSAGE][PASSED] - Browser is opened with url: ''

2018-12-15 00:08:45 - [TEST_STEP][PASSED] - navigateToUrl("https://kumparan.com/"): Navigate to 'https://kumparan.com/' successfully

2018-12-15 00:09:03 - [MESSAGE][PASSED] - Navigate to 'https://kumparan.com/' successfully

2018-12-15 00:09:03 - [TEST_STEP][PASSED] - click(findTestObject("Object Repository/Page_Platform Media Berita Kolabora/button_YA")): Object: 'Object Repository/Page_Platform Media Berita Kolabora/button_YA' is clicked on

2018-12-15 00:09:03 - [MESSAGE][PASSED] - Object: 'Object Repository/Page_Platform Media Berita Kolabora/button_YA' is clicked on

2018-12-15 00:09:03 - [TEST_STEP][PASSED] - click(findTestObject("Object Repository/Page_Platform Media Berita Kolabora/span_Masuk dengan Facebook")): Object: 'Object Repository/Page_Platform Media Berita Kolabora/span_Masuk dengan Facebook' is clicked on

2018-12-15 00:09:04 - [MESSAGE][PASSED] - Object: 'Object Repository/Page_Platform Media Berita Kolabora/span_Masuk dengan Facebook' is clicked on

2018-12-15 00:09:04 - [TEST_STEP][PASSED] - switchToWindowTitle("Facebook"): Switched to window with title: 'Facebook'

2018-12-15 00:09:06 - [MESSAGE][PASSED] - Switched to window with title: 'Facebook'

2018-12-15 00:09:06 - [TEST_STEP][PASSED] - setText(findTestObject("Object Repository/Page_Facebook/input_Email address or phone n"), "irsandyr@yahoo.co.id"): Text 'irsandyr@yahoo.co.id' is set on object 'Object Repository/Page_Facebook/input_Email address or phone n'

2018-12-15 00:09:07 - [MESSAGE][PASSED] - Text 'irsandyr@yahoo.co.id' is set on object 'Object Repository/Page_Facebook/input_Email address or phone n'

2018-12-15 00:09:07 - [TEST_STEP][PASSED] - setEncryptedText(findTestObject("Object Repository/Page_Facebook/input_Password_pass"), "eWY+UnTjCoY="): Text ****** has been set on object 'Object Repository/Page_Facebook/input_Password_pass'

2018-12-15 00:09:07 - [MESSAGE][PASSED] - Text ****** has been set on object 'Object Repository/Page_Facebook/input_Password_pass'

2018-12-15 00:09:07 - [TEST_STEP][PASSED] - click(findTestObject("Object Repository/Page_Facebook/input_Password_login")): Object: 'Object Repository/Page_Facebook/input_Password_login' is clicked on

2018-12-15 00:09:09 - [MESSAGE][PASSED] - Object: 'Object Repository/Page_Facebook/input_Password_login' is clicked on

2018-12-15 00:09:09 - [TEST_STEP][PASSED] - switchToWindowTitle("Platform Media Berita Kolaboratif, Terkini Indonesia Hari Ini - Kumparan.com"): Switched to window with title: 'Platform Media Berita Kolaboratif, Terkini Indonesia Hari Ini - Kumparan.com'

2018-12-15 00:09:09 - [MESSAGE][PASSED] - Switched to window with title: 'Platform Media Berita Kolaboratif, Terkini Indonesia Hari Ini - Kumparan.com'

2018-12-15 00:09:09 - [TEST_STEP][PASSED] - click(findTestObject("Object Repository/Page_Platform Media Berita Kolabora/span_Trending")): Object: 'Object Repository/Page_Platform Media Berita Kolabora/span_Trending' is clicked on

2018-12-15 00:09:09 - [MESSAGE][PASSED] - Object: 'Object Repository/Page_Platform Media Berita Kolabora/span_Trending' is clicked on

2018-12-15 00:09:09 - [TEST_STEP][PASSED] - click(findTestObject("Object Repository/Page_Kumparan/span_Cerita")): Object: 'Object Repository/Page_Kumparan/span_Cerita' is clicked on

2018-12-15 00:09:11 - [MESSAGE][PASSED] - Object: 'Object Repository/Page_Kumparan/span_Cerita' is clicked on

2018-12-15 00:09:11 - [TEST_STEP][PASSED] - click(findTestObject("Object Repository/Page_Kumparan/span_Topik")): Object: 'Object Repository/Page_Kumparan/span_Topik' is clicked on

2018-12-15 00:09:11 - [MESSAGE][PASSED] - Object: 'Object Repository/Page_Kumparan/span_Topik' is clicked on

2018-12-15 00:09:11 - [TEST_STEP][PASSED] - click(findTestObject("Object Repository/Page_Kumparan/span_Profil")): Object: 'Object Repository/Page_Kumparan/span_Profil' is clicked on

2018-12-15 00:09:12 - [MESSAGE][PASSED] - Object: 'Object Repository/Page_Kumparan/span_Profil' is clicked on

2018-12-15 00:09:12 - [TEST_STEP][PASSED] - click(findTestObject("Object Repository/Page_Kumparan/span_Video")): Object: 'Object Repository/Page_Kumparan/span_Video' is clicked on

2018-12-15 00:09:12 - [MESSAGE][PASSED] - Object: 'Object Repository/Page_Kumparan/span_Video' is clicked on

2018-12-15 00:09:12 - [TEST_STEP][PASSED] - click(findTestObject("Object Repository/Page_kumparan Video - kumparan/span_Liputan Khusus")): Object: 'Object Repository/Page_kumparan Video - kumparan/span_Liputan Khusus' is clicked on

2018-12-15 00:09:13 - [MESSAGE][PASSED] - Object: 'Object Repository/Page_kumparan Video - kumparan/span_Liputan Khusus' is clicked on

2018-12-15 00:09:13 - [TEST_STEP][PASSED] - click(findTestObject("Object Repository/Page_kumparan Video - kumparan/span_Konten Spesial")): Object: 'Object Repository/Page_kumparan Video - kumparan/span_Konten Spesial' is clicked on

2018-12-15 00:09:13 - [MESSAGE][PASSED] - Object: 'Object Repository/Page_kumparan Video - kumparan/span_Konten Spesial' is clicked on

2018-12-15 00:09:13 - [TEST_STEP][PASSED] - click(findTestObject("Object Repository/Page_kumparan Video - kumparan/span_Galeri Foto")): Object: 'Object Repository/Page_kumparan Video - kumparan/span_Galeri Foto' is clicked on

2018-12-15 00:09:14 - [MESSAGE][PASSED] - Object: 'Object Repository/Page_kumparan Video - kumparan/span_Galeri Foto' is clicked on

2018-12-15 00:09:14 - [TEST_STEP][PASSED] - click(findTestObject("Object Repository/Page_kumparan Video - kumparan/img")): Object: 'Object Repository/Page_kumparan Video - kumparan/img' is clicked on

2018-12-15 00:09:14 - [MESSAGE][PASSED] - Object: 'Object Repository/Page_kumparan Video - kumparan/img' is clicked on

2018-12-15 00:09:14 - [TEST_STEP][PASSED] - click(findTestObject("Object Repository/Page_kumparan Video - kumparan/img")): Object: 'Object Repository/Page_kumparan Video - kumparan/img' is clicked on

2018-12-15 00:09:14 - [MESSAGE][PASSED] - Object: 'Object Repository/Page_kumparan Video - kumparan/img' is clicked on

2018-12-15 00:09:14 - [TEST_STEP][PASSED] - click(findTestObject("Object Repository/Page_kumparan Video - kumparan/img_pns_NavbarMobileweb__Custo")): Object: 'Object Repository/Page_kumparan Video - kumparan/img_pns_NavbarMobileweb__Custo' is clicked on

2018-12-15 00:09:16 - [MESSAGE][PASSED] - Object: 'Object Repository/Page_kumparan Video - kumparan/img_pns_NavbarMobileweb__Custo' is clicked on

2018-12-15 00:09:16 - [TEST_STEP][PASSED] - click(findTestObject("Object Repository/Page_Platform Media Berita Kolabora/span_Home")): Object: 'Object Repository/Page_Platform Media Berita Kolabora/span_Home' is clicked on

2018-12-15 00:09:17 - [MESSAGE][PASSED] - Object: 'Object Repository/Page_Platform Media Berita Kolabora/span_Home' is clicked on

2018-12-15 00:09:17 - [TEST_STEP][PASSED] - click(findTestObject("Object Repository/Page_Platform Media Berita Kolabora/span_Trending")): Object: 'Object Repository/Page_Platform Media Berita Kolabora/span_Trending' is clicked on

2018-12-15 00:09:17 - [MESSAGE][PASSED] - Object: 'Object Repository/Page_Platform Media Berita Kolabora/span_Trending' is clicked on

2018-12-15 00:09:17 - [TEST_STEP][PASSED] - click(findTestObject("Object Repository/Page_Kumparan/img_pns_NavbarMobileweb__Custo")): Object: 'Object Repository/Page_Kumparan/img_pns_NavbarMobileweb__Custo' is clicked on

2018-12-15 00:09:18 - [MESSAGE][PASSED] - Object: 'Object Repository/Page_Kumparan/img_pns_NavbarMobileweb__Custo' is clicked on

2018-12-15 00:09:18 - [TEST_STEP][FAILED] - click(findTestObject("Object Repository/Page_Platform Media Berita Kolabora/img")): click(findTestObject("Object Repository/Page_Platform Media Berita Kolabora/img")) FAILED.
Reason:
com.kms.katalon.core.exception.StepFailedException: Unable to click on object 'Object Repository/Page_Platform Media Berita Kolabora/img' (Root cause: org.openqa.selenium.WebDriverException: unknown error: Element is not clickable at point (1077, 24)
  (Session info: chrome=70.0.3538.110)
  (Driver info: chromedriver=2.43.600210 (68dcf5eebde37173d4027fa8635e332711d2874a),platform=Windows NT 10.0.17134 x86_64) (WARNING: The server did not provide any stacktrace information)
Command duration or timeout: 0 milliseconds
Build info: version: '3.7.1', revision: '8a0099a', time: '2017-11-06T21:07:36.161Z'
System info: host: 'DESKTOP-B9FSH4V', ip: '192.168.1.153', os.name: 'Windows 10', os.arch: 'amd64', os.version: '10.0', java.version: '1.8.0_181'
Driver info: com.kms.katalon.selenium.driver.CChromeDriver
Capabilities {acceptInsecureCerts: false, acceptSslCerts: false, applicationCacheEnabled: false, browserConnectionEnabled: false, browserName: chrome, chrome: {chromedriverVersion: 2.43.600210 (68dcf5eebde371..., userDataDir: C:\Users\RACHMA~1\AppData\L...}, cssSelectorsEnabled: true, databaseEnabled: false, goog:chromeOptions: {debuggerAddress: localhost:54301}, handlesAlerts: true, hasTouchScreen: false, javascriptEnabled: true, locationContextEnabled: true, mobileEmulationEnabled: false, nativeEvents: true, networkConnectionEnabled: false, pageLoadStrategy: normal, platform: XP, platformName: XP, rotatable: false, setWindowRect: true, takesHeapSnapshot: true, takesScreenshot: true, unexpectedAlertBehaviour: , unhandledPromptBehavior: , version: 70.0.3538.110, webStorageEnabled: true}
Session ID: bae32c38637b8a559693b45d628dfd03)
	at com.kms.katalon.core.keyword.internal.KeywordMain.stepFailed(KeywordMain.groovy:36)
	at com.kms.katalon.core.webui.keyword.internal.WebUIKeywordMain.stepFailed(WebUIKeywordMain.groovy:65)
	at com.kms.katalon.core.webui.keyword.internal.WebUIKeywordMain.runKeyword(WebUIKeywordMain.groovy:27)
	at com.kms.katalon.core.webui.keyword.builtin.ClickKeyword.click(ClickKeyword.groovy:86)
	at com.kms.katalon.core.webui.keyword.builtin.ClickKeyword.execute(ClickKeyword.groovy:67)
	at com.kms.katalon.core.keyword.internal.KeywordExecutor.executeKeywordForPlatform(KeywordExecutor.groovy:53)
	at com.kms.katalon.core.webui.keyword.WebUiBuiltInKeywords.click(WebUiBuiltInKeywords.groovy:616)
	at com.kms.katalon.core.webui.keyword.WebUiBuiltInKeywords$click$1.call(Unknown Source)
	at Automation Script.run(Automation Script:63)
	at com.kms.katalon.core.main.ScriptEngine.run(ScriptEngine.java:194)
	at com.kms.katalon.core.main.ScriptEngine.runScriptAsRawText(ScriptEngine.java:119)
	at com.kms.katalon.core.main.TestCaseExecutor.runScript(TestCaseExecutor.java:321)
	at com.kms.katalon.core.main.TestCaseExecutor.doExecute(TestCaseExecutor.java:312)
	at com.kms.katalon.core.main.TestCaseExecutor.processExecutionPhase(TestCaseExecutor.java:291)
	at com.kms.katalon.core.main.TestCaseExecutor.accessMainPhase(TestCaseExecutor.java:283)
	at com.kms.katalon.core.main.TestCaseExecutor.execute(TestCaseExecutor.java:222)
	at com.kms.katalon.core.main.TestSuiteExecutor.accessTestCaseMainPhase(TestSuiteExecutor.java:129)
	at com.kms.katalon.core.main.TestSuiteExecutor.accessTestSuiteMainPhase(TestSuiteExecutor.java:112)
	at com.kms.katalon.core.main.TestSuiteExecutor.execute(TestSuiteExecutor.java:81)
	at com.kms.katalon.core.main.TestCaseMain.startTestSuite(TestCaseMain.java:149)
	at com.kms.katalon.core.main.TestCaseMain$startTestSuite$0.call(Unknown Source)
	at TempTestSuite1544807314452.run(TempTestSuite1544807314452.groovy:36)


2018-12-15 00:09:19 - [MESSAGE][FAILED] - Unable to click on object 'Object Repository/Page_Platform Media Berita Kolabora/img' (Root cause: org.openqa.selenium.WebDriverException: unknown error: Element is not clickable at point (1077, 24)
  (Session info: chrome=70.0.3538.110)
  (Driver info: chromedriver=2.43.600210 (68dcf5eebde37173d4027fa8635e332711d2874a),platform=Windows NT 10.0.17134 x86_64) (WARNING: The server did not provide any stacktrace information)
Command duration or timeout: 0 milliseconds
Build info: version: '3.7.1', revision: '8a0099a', time: '2017-11-06T21:07:36.161Z'
System info: host: 'DESKTOP-B9FSH4V', ip: '192.168.1.153', os.name: 'Windows 10', os.arch: 'amd64', os.version: '10.0', java.version: '1.8.0_181'
Driver info: com.kms.katalon.selenium.driver.CChromeDriver
Capabilities {acceptInsecureCerts: false, acceptSslCerts: false, applicationCacheEnabled: false, browserConnectionEnabled: false, browserName: chrome, chrome: {chromedriverVersion: 2.43.600210 (68dcf5eebde371..., userDataDir: C:\Users\RACHMA~1\AppData\L...}, cssSelectorsEnabled: true, databaseEnabled: false, goog:chromeOptions: {debuggerAddress: localhost:54301}, handlesAlerts: true, hasTouchScreen: false, javascriptEnabled: true, locationContextEnabled: true, mobileEmulationEnabled: false, nativeEvents: true, networkConnectionEnabled: false, pageLoadStrategy: normal, platform: XP, platformName: XP, rotatable: false, setWindowRect: true, takesHeapSnapshot: true, takesScreenshot: true, unexpectedAlertBehaviour: , unhandledPromptBehavior: , version: 70.0.3538.110, webStorageEnabled: true}
Session ID: bae32c38637b8a559693b45d628dfd03)
[[ATTACHMENT|C:\\Users\\Rachmat irsandy\\Katalon Studio\\Kumparan_QA_Assessment\\Reports\\Scenario A\\20181215_000834\\1544807359302.png]]

2018-12-15 00:09:19 - [MESSAGE][FAILED] - click(findTestObject("Object Repository/Page_Platform Media Berita Kolabora/img")) FAILED.
Reason:
com.kms.katalon.core.exception.StepFailedException: Unable to click on object 'Object Repository/Page_Platform Media Berita Kolabora/img' (Root cause: org.openqa.selenium.WebDriverException: unknown error: Element is not clickable at point (1077, 24)
  (Session info: chrome=70.0.3538.110)
  (Driver info: chromedriver=2.43.600210 (68dcf5eebde37173d4027fa8635e332711d2874a),platform=Windows NT 10.0.17134 x86_64) (WARNING: The server did not provide any stacktrace information)
Command duration or timeout: 0 milliseconds
Build info: version: '3.7.1', revision: '8a0099a', time: '2017-11-06T21:07:36.161Z'
System info: host: 'DESKTOP-B9FSH4V', ip: '192.168.1.153', os.name: 'Windows 10', os.arch: 'amd64', os.version: '10.0', java.version: '1.8.0_181'
Driver info: com.kms.katalon.selenium.driver.CChromeDriver
Capabilities {acceptInsecureCerts: false, acceptSslCerts: false, applicationCacheEnabled: false, browserConnectionEnabled: false, browserName: chrome, chrome: {chromedriverVersion: 2.43.600210 (68dcf5eebde371..., userDataDir: C:\Users\RACHMA~1\AppData\L...}, cssSelectorsEnabled: true, databaseEnabled: false, goog:chromeOptions: {debuggerAddress: localhost:54301}, handlesAlerts: true, hasTouchScreen: false, javascriptEnabled: true, locationContextEnabled: true, mobileEmulationEnabled: false, nativeEvents: true, networkConnectionEnabled: false, pageLoadStrategy: normal, platform: XP, platformName: XP, rotatable: false, setWindowRect: true, takesHeapSnapshot: true, takesScreenshot: true, unexpectedAlertBehaviour: , unhandledPromptBehavior: , version: 70.0.3538.110, webStorageEnabled: true}
Session ID: bae32c38637b8a559693b45d628dfd03)
	at com.kms.katalon.core.keyword.internal.KeywordMain.stepFailed(KeywordMain.groovy:36)
	at com.kms.katalon.core.webui.keyword.internal.WebUIKeywordMain.stepFailed(WebUIKeywordMain.groovy:65)
	at com.kms.katalon.core.webui.keyword.internal.WebUIKeywordMain.runKeyword(WebUIKeywordMain.groovy:27)
	at com.kms.katalon.core.webui.keyword.builtin.ClickKeyword.click(ClickKeyword.groovy:86)
	at com.kms.katalon.core.webui.keyword.builtin.ClickKeyword.execute(ClickKeyword.groovy:67)
	at com.kms.katalon.core.keyword.internal.KeywordExecutor.executeKeywordForPlatform(KeywordExecutor.groovy:53)
	at com.kms.katalon.core.webui.keyword.WebUiBuiltInKeywords.click(WebUiBuiltInKeywords.groovy:616)
	at com.kms.katalon.core.webui.keyword.WebUiBuiltInKeywords$click$1.call(Unknown Source)
	at Automation Script.run(Automation Script:63)
	at com.kms.katalon.core.main.ScriptEngine.run(ScriptEngine.java:194)
	at com.kms.katalon.core.main.ScriptEngine.runScriptAsRawText(ScriptEngine.java:119)
	at com.kms.katalon.core.main.TestCaseExecutor.runScript(TestCaseExecutor.java:321)
	at com.kms.katalon.core.main.TestCaseExecutor.doExecute(TestCaseExecutor.java:312)
	at com.kms.katalon.core.main.TestCaseExecutor.processExecutionPhase(TestCaseExecutor.java:291)
	at com.kms.katalon.core.main.TestCaseExecutor.accessMainPhase(TestCaseExecutor.java:283)
	at com.kms.katalon.core.main.TestCaseExecutor.execute(TestCaseExecutor.java:222)
	at com.kms.katalon.core.main.TestSuiteExecutor.accessTestCaseMainPhase(TestSuiteExecutor.java:129)
	at com.kms.katalon.core.main.TestSuiteExecutor.accessTestSuiteMainPhase(TestSuiteExecutor.java:112)
	at com.kms.katalon.core.main.TestSuiteExecutor.execute(TestSuiteExecutor.java:81)
	at com.kms.katalon.core.main.TestCaseMain.startTestSuite(TestCaseMain.java:149)
	at com.kms.katalon.core.main.TestCaseMain$startTestSuite$0.call(Unknown Source)
	at TempTestSuite1544807314452.run(TempTestSuite1544807314452.groovy:36)]]></system-out>
         <system-err><![CDATA[2018-12-15 00:08:39 - [TEST_CASE][FAILED] - Test Cases/Automation Script: Test Cases/Automation Script FAILED.
Reason:
com.kms.katalon.core.exception.StepFailedException: Unable to click on object 'Object Repository/Page_Platform Media Berita Kolabora/img' (Root cause: org.openqa.selenium.WebDriverException: unknown error: Element is not clickable at point (1077, 24)
  (Session info: chrome=70.0.3538.110)
  (Driver info: chromedriver=2.43.600210 (68dcf5eebde37173d4027fa8635e332711d2874a),platform=Windows NT 10.0.17134 x86_64) (WARNING: The server did not provide any stacktrace information)
Command duration or timeout: 0 milliseconds
Build info: version: '3.7.1', revision: '8a0099a', time: '2017-11-06T21:07:36.161Z'
System info: host: 'DESKTOP-B9FSH4V', ip: '192.168.1.153', os.name: 'Windows 10', os.arch: 'amd64', os.version: '10.0', java.version: '1.8.0_181'
Driver info: com.kms.katalon.selenium.driver.CChromeDriver
Capabilities {acceptInsecureCerts: false, acceptSslCerts: false, applicationCacheEnabled: false, browserConnectionEnabled: false, browserName: chrome, chrome: {chromedriverVersion: 2.43.600210 (68dcf5eebde371..., userDataDir: C:\Users\RACHMA~1\AppData\L...}, cssSelectorsEnabled: true, databaseEnabled: false, goog:chromeOptions: {debuggerAddress: localhost:54301}, handlesAlerts: true, hasTouchScreen: false, javascriptEnabled: true, locationContextEnabled: true, mobileEmulationEnabled: false, nativeEvents: true, networkConnectionEnabled: false, pageLoadStrategy: normal, platform: XP, platformName: XP, rotatable: false, setWindowRect: true, takesHeapSnapshot: true, takesScreenshot: true, unexpectedAlertBehaviour: , unhandledPromptBehavior: , version: 70.0.3538.110, webStorageEnabled: true}
Session ID: bae32c38637b8a559693b45d628dfd03)
	at com.kms.katalon.core.keyword.internal.KeywordMain.stepFailed(KeywordMain.groovy:36)
	at com.kms.katalon.core.webui.keyword.internal.WebUIKeywordMain.stepFailed(WebUIKeywordMain.groovy:65)
	at com.kms.katalon.core.webui.keyword.internal.WebUIKeywordMain.runKeyword(WebUIKeywordMain.groovy:27)
	at com.kms.katalon.core.webui.keyword.builtin.ClickKeyword.click(ClickKeyword.groovy:86)
	at com.kms.katalon.core.webui.keyword.builtin.ClickKeyword.execute(ClickKeyword.groovy:67)
	at com.kms.katalon.core.keyword.internal.KeywordExecutor.executeKeywordForPlatform(KeywordExecutor.groovy:53)
	at com.kms.katalon.core.webui.keyword.WebUiBuiltInKeywords.click(WebUiBuiltInKeywords.groovy:616)
	at com.kms.katalon.core.webui.keyword.WebUiBuiltInKeywords$click$1.call(Unknown Source)
	at Automation Script.run(Automation Script:63)
	at com.kms.katalon.core.main.ScriptEngine.run(ScriptEngine.java:194)
	at com.kms.katalon.core.main.ScriptEngine.runScriptAsRawText(ScriptEngine.java:119)
	at com.kms.katalon.core.main.TestCaseExecutor.runScript(TestCaseExecutor.java:321)
	at com.kms.katalon.core.main.TestCaseExecutor.doExecute(TestCaseExecutor.java:312)
	at com.kms.katalon.core.main.TestCaseExecutor.processExecutionPhase(TestCaseExecutor.java:291)
	at com.kms.katalon.core.main.TestCaseExecutor.accessMainPhase(TestCaseExecutor.java:283)
	at com.kms.katalon.core.main.TestCaseExecutor.execute(TestCaseExecutor.java:222)
	at com.kms.katalon.core.main.TestSuiteExecutor.accessTestCaseMainPhase(TestSuiteExecutor.java:129)
	at com.kms.katalon.core.main.TestSuiteExecutor.accessTestSuiteMainPhase(TestSuiteExecutor.java:112)
	at com.kms.katalon.core.main.TestSuiteExecutor.execute(TestSuiteExecutor.java:81)
	at com.kms.katalon.core.main.TestCaseMain.startTestSuite(TestCaseMain.java:149)
	at com.kms.katalon.core.main.TestCaseMain$startTestSuite$0.call(Unknown Source)
	at TempTestSuite1544807314452.run(TempTestSuite1544807314452.groovy:36)]]></system-err>
      </testcase>
      <system-out><![CDATA[2018-12-15 00:08:38 - [TEST_SUITE][FAILED] - Scenario A: Test Cases/Automation Script FAILED.
Reason:
com.kms.katalon.core.exception.StepFailedException: Unable to click on object 'Object Repository/Page_Platform Media Berita Kolabora/img' (Root cause: org.openqa.selenium.WebDriverException: unknown error: Element is not clickable at point (1077, 24)
  (Session info: chrome=70.0.3538.110)
  (Driver info: chromedriver=2.43.600210 (68dcf5eebde37173d4027fa8635e332711d2874a),platform=Windows NT 10.0.17134 x86_64) (WARNING: The server did not provide any stacktrace information)
Command duration or timeout: 0 milliseconds
Build info: version: '3.7.1', revision: '8a0099a', time: '2017-11-06T21:07:36.161Z'
System info: host: 'DESKTOP-B9FSH4V', ip: '192.168.1.153', os.name: 'Windows 10', os.arch: 'amd64', os.version: '10.0', java.version: '1.8.0_181'
Driver info: com.kms.katalon.selenium.driver.CChromeDriver
Capabilities {acceptInsecureCerts: false, acceptSslCerts: false, applicationCacheEnabled: false, browserConnectionEnabled: false, browserName: chrome, chrome: {chromedriverVersion: 2.43.600210 (68dcf5eebde371..., userDataDir: C:\Users\RACHMA~1\AppData\L...}, cssSelectorsEnabled: true, databaseEnabled: false, goog:chromeOptions: {debuggerAddress: localhost:54301}, handlesAlerts: true, hasTouchScreen: false, javascriptEnabled: true, locationContextEnabled: true, mobileEmulationEnabled: false, nativeEvents: true, networkConnectionEnabled: false, pageLoadStrategy: normal, platform: XP, platformName: XP, rotatable: false, setWindowRect: true, takesHeapSnapshot: true, takesScreenshot: true, unexpectedAlertBehaviour: , unhandledPromptBehavior: , version: 70.0.3538.110, webStorageEnabled: true}
Session ID: bae32c38637b8a559693b45d628dfd03)
	at com.kms.katalon.core.keyword.internal.KeywordMain.stepFailed(KeywordMain.groovy:36)
	at com.kms.katalon.core.webui.keyword.internal.WebUIKeywordMain.stepFailed(WebUIKeywordMain.groovy:65)
	at com.kms.katalon.core.webui.keyword.internal.WebUIKeywordMain.runKeyword(WebUIKeywordMain.groovy:27)
	at com.kms.katalon.core.webui.keyword.builtin.ClickKeyword.click(ClickKeyword.groovy:86)
	at com.kms.katalon.core.webui.keyword.builtin.ClickKeyword.execute(ClickKeyword.groovy:67)
	at com.kms.katalon.core.keyword.internal.KeywordExecutor.executeKeywordForPlatform(KeywordExecutor.groovy:53)
	at com.kms.katalon.core.webui.keyword.WebUiBuiltInKeywords.click(WebUiBuiltInKeywords.groovy:616)
	at com.kms.katalon.core.webui.keyword.WebUiBuiltInKeywords$click$1.call(Unknown Source)
	at Automation Script.run(Automation Script:63)
	at com.kms.katalon.core.main.ScriptEngine.run(ScriptEngine.java:194)
	at com.kms.katalon.core.main.ScriptEngine.runScriptAsRawText(ScriptEngine.java:119)
	at com.kms.katalon.core.main.TestCaseExecutor.runScript(TestCaseExecutor.java:321)
	at com.kms.katalon.core.main.TestCaseExecutor.doExecute(TestCaseExecutor.java:312)
	at com.kms.katalon.core.main.TestCaseExecutor.processExecutionPhase(TestCaseExecutor.java:291)
	at com.kms.katalon.core.main.TestCaseExecutor.accessMainPhase(TestCaseExecutor.java:283)
	at com.kms.katalon.core.main.TestCaseExecutor.execute(TestCaseExecutor.java:222)
	at com.kms.katalon.core.main.TestSuiteExecutor.accessTestCaseMainPhase(TestSuiteExecutor.java:129)
	at com.kms.katalon.core.main.TestSuiteExecutor.accessTestSuiteMainPhase(TestSuiteExecutor.java:112)
	at com.kms.katalon.core.main.TestSuiteExecutor.execute(TestSuiteExecutor.java:81)
	at com.kms.katalon.core.main.TestCaseMain.startTestSuite(TestCaseMain.java:149)
	at com.kms.katalon.core.main.TestCaseMain$startTestSuite$0.call(Unknown Source)
	at TempTestSuite1544807314452.run(TempTestSuite1544807314452.groovy:36)]]></system-out>
      <system-err><![CDATA[2018-12-15 00:08:38 - [TEST_SUITE][FAILED] - Scenario A: Test Cases/Automation Script FAILED.
Reason:
com.kms.katalon.core.exception.StepFailedException: Unable to click on object 'Object Repository/Page_Platform Media Berita Kolabora/img' (Root cause: org.openqa.selenium.WebDriverException: unknown error: Element is not clickable at point (1077, 24)
  (Session info: chrome=70.0.3538.110)
  (Driver info: chromedriver=2.43.600210 (68dcf5eebde37173d4027fa8635e332711d2874a),platform=Windows NT 10.0.17134 x86_64) (WARNING: The server did not provide any stacktrace information)
Command duration or timeout: 0 milliseconds
Build info: version: '3.7.1', revision: '8a0099a', time: '2017-11-06T21:07:36.161Z'
System info: host: 'DESKTOP-B9FSH4V', ip: '192.168.1.153', os.name: 'Windows 10', os.arch: 'amd64', os.version: '10.0', java.version: '1.8.0_181'
Driver info: com.kms.katalon.selenium.driver.CChromeDriver
Capabilities {acceptInsecureCerts: false, acceptSslCerts: false, applicationCacheEnabled: false, browserConnectionEnabled: false, browserName: chrome, chrome: {chromedriverVersion: 2.43.600210 (68dcf5eebde371..., userDataDir: C:\Users\RACHMA~1\AppData\L...}, cssSelectorsEnabled: true, databaseEnabled: false, goog:chromeOptions: {debuggerAddress: localhost:54301}, handlesAlerts: true, hasTouchScreen: false, javascriptEnabled: true, locationContextEnabled: true, mobileEmulationEnabled: false, nativeEvents: true, networkConnectionEnabled: false, pageLoadStrategy: normal, platform: XP, platformName: XP, rotatable: false, setWindowRect: true, takesHeapSnapshot: true, takesScreenshot: true, unexpectedAlertBehaviour: , unhandledPromptBehavior: , version: 70.0.3538.110, webStorageEnabled: true}
Session ID: bae32c38637b8a559693b45d628dfd03)
	at com.kms.katalon.core.keyword.internal.KeywordMain.stepFailed(KeywordMain.groovy:36)
	at com.kms.katalon.core.webui.keyword.internal.WebUIKeywordMain.stepFailed(WebUIKeywordMain.groovy:65)
	at com.kms.katalon.core.webui.keyword.internal.WebUIKeywordMain.runKeyword(WebUIKeywordMain.groovy:27)
	at com.kms.katalon.core.webui.keyword.builtin.ClickKeyword.click(ClickKeyword.groovy:86)
	at com.kms.katalon.core.webui.keyword.builtin.ClickKeyword.execute(ClickKeyword.groovy:67)
	at com.kms.katalon.core.keyword.internal.KeywordExecutor.executeKeywordForPlatform(KeywordExecutor.groovy:53)
	at com.kms.katalon.core.webui.keyword.WebUiBuiltInKeywords.click(WebUiBuiltInKeywords.groovy:616)
	at com.kms.katalon.core.webui.keyword.WebUiBuiltInKeywords$click$1.call(Unknown Source)
	at Automation Script.run(Automation Script:63)
	at com.kms.katalon.core.main.ScriptEngine.run(ScriptEngine.java:194)
	at com.kms.katalon.core.main.ScriptEngine.runScriptAsRawText(ScriptEngine.java:119)
	at com.kms.katalon.core.main.TestCaseExecutor.runScript(TestCaseExecutor.java:321)
	at com.kms.katalon.core.main.TestCaseExecutor.doExecute(TestCaseExecutor.java:312)
	at com.kms.katalon.core.main.TestCaseExecutor.processExecutionPhase(TestCaseExecutor.java:291)
	at com.kms.katalon.core.main.TestCaseExecutor.accessMainPhase(TestCaseExecutor.java:283)
	at com.kms.katalon.core.main.TestCaseExecutor.execute(TestCaseExecutor.java:222)
	at com.kms.katalon.core.main.TestSuiteExecutor.accessTestCaseMainPhase(TestSuiteExecutor.java:129)
	at com.kms.katalon.core.main.TestSuiteExecutor.accessTestSuiteMainPhase(TestSuiteExecutor.java:112)
	at com.kms.katalon.core.main.TestSuiteExecutor.execute(TestSuiteExecutor.java:81)
	at com.kms.katalon.core.main.TestCaseMain.startTestSuite(TestCaseMain.java:149)
	at com.kms.katalon.core.main.TestCaseMain$startTestSuite$0.call(Unknown Source)
	at TempTestSuite1544807314452.run(TempTestSuite1544807314452.groovy:36)]]></system-err>
   </testsuite>
</testsuites>
